app/build/intermediates/manifest_merge_blame_file/debug/manifest-merger-blame-debug-report.txt
1<?xml version="1.0" encoding="utf-8"?>
2<manifest xmlns:android="http://schemas.android.com/apk/res/android"
3    package="com.example.firebasetemplate"
4    android:versionCode="1"
5    android:versionName="1.0" >
6
7    <uses-sdk
8        android:minSdkVersion="26"
8-->src\main\AndroidManifest.xml
9        android:targetSdkVersion="31" />
9-->src\main\AndroidManifest.xml
10
11    <uses-permission android:name="android.permission.INTERNET" />
11-->[com.google.firebase:firebase-auth:21.0.1] AndroidManifest.xml:23:5-67
11-->[com.google.firebase:firebase-auth:21.0.1] AndroidManifest.xml:23:22-64
12    <uses-permission android:name="android.permission.ACCESS_NETWORK_STATE" />
12-->[com.google.firebase:firebase-auth:21.0.1] AndroidManifest.xml:24:5-79
12-->[com.google.firebase:firebase-auth:21.0.1] AndroidManifest.xml:24:22-76
13
14    <application
14-->src\main\AndroidManifest.xml:5:5-24:19
15        android:allowBackup="true"
15-->src\main\AndroidManifest.xml:6:9-35
16        android:appComponentFactory="androidx.core.app.CoreComponentFactory"
16-->[androidx.core:core:1.7.0] AndroidManifest.xml:24:18-86
17        android:debuggable="true"
18        android:extractNativeLibs="false"
19        android:icon="@mipmap/ic_launcher"
19-->src\main\AndroidManifest.xml:7:9-43
20        android:label="@string/app_name"
20-->src\main\AndroidManifest.xml:8:9-41
21        android:roundIcon="@mipmap/ic_launcher_round"
21-->src\main\AndroidManifest.xml:9:9-54
22        android:supportsRtl="true"
22-->src\main\AndroidManifest.xml:10:9-35
23        android:testOnly="true"
24        android:theme="@style/Theme.FirebaseTemplate" >
24-->src\main\AndroidManifest.xml:11:9-54
25        <activity
25-->src\main\AndroidManifest.xml:12:9-14:40
26            android:name="com.example.firebasetemplate.PostDetailsFragment"
26-->src\main\AndroidManifest.xml:13:13-48
27            android:exported="false" />
27-->src\main\AndroidManifest.xml:14:13-37
28        <activity
28-->src\main\AndroidManifest.xml:15:9-23:20
29            android:name="com.example.firebasetemplate.MainActivity"
29-->src\main\AndroidManifest.xml:16:13-41
30            android:exported="true" >
30-->src\main\AndroidManifest.xml:17:13-36
31            <intent-filter>
31-->src\main\AndroidManifest.xml:18:13-22:29
32                <action android:name="android.intent.action.MAIN" />
32-->src\main\AndroidManifest.xml:19:17-69
32-->src\main\AndroidManifest.xml:19:25-66
33
34                <category android:name="android.intent.category.LAUNCHER" />
34-->src\main\AndroidManifest.xml:21:17-77
34-->src\main\AndroidManifest.xml:21:27-74
35            </intent-filter>
36        </activity>
37
38        <provider
38-->[com.squareup.picasso:picasso:2.71828] AndroidManifest.xml:8:9-11:40
39            android:name="com.squareup.picasso.PicassoProvider"
39-->[com.squareup.picasso:picasso:2.71828] AndroidManifest.xml:9:13-64
40            android:authorities="com.example.firebasetemplate.com.squareup.picasso"
40-->[com.squareup.picasso:picasso:2.71828] AndroidManifest.xml:10:13-72
41            android:exported="false" />
41-->[com.squareup.picasso:picasso:2.71828] AndroidManifest.xml:11:13-37
42
43        <activity
43-->[com.google.firebase:firebase-auth:21.0.1] AndroidManifest.xml:27:9-44:20
44            android:name="com.google.firebase.auth.internal.GenericIdpActivity"
44-->[com.google.firebase:firebase-auth:21.0.1] AndroidManifest.xml:28:13-80
45            android:excludeFromRecents="true"
45-->[com.google.firebase:firebase-auth:21.0.1] AndroidManifest.xml:29:13-46
46            android:exported="true"
46-->[com.google.firebase:firebase-auth:21.0.1] AndroidManifest.xml:30:13-36
47            android:launchMode="singleTask"
47-->[com.google.firebase:firebase-auth:21.0.1] AndroidManifest.xml:31:13-44
48            android:theme="@android:style/Theme.Translucent.NoTitleBar" >
48-->[com.google.firebase:firebase-auth:21.0.1] AndroidManifest.xml:32:13-72
49            <intent-filter>
49-->[com.google.firebase:firebase-auth:21.0.1] AndroidManifest.xml:33:13-43:29
50                <action android:name="android.intent.action.VIEW" />
50-->[com.google.firebase:firebase-auth:21.0.1] AndroidManifest.xml:34:17-69
50-->[com.google.firebase:firebase-auth:21.0.1] AndroidManifest.xml:34:25-66
51
52                <category android:name="android.intent.category.DEFAULT" />
52-->[com.google.firebase:firebase-auth:21.0.1] AndroidManifest.xml:36:17-76
52-->[com.google.firebase:firebase-auth:21.0.1] AndroidManifest.xml:36:27-73
53                <category android:name="android.intent.category.BROWSABLE" />
53-->[com.google.firebase:firebase-auth:21.0.1] AndroidManifest.xml:37:17-78
53-->[com.google.firebase:firebase-auth:21.0.1] AndroidManifest.xml:37:27-75
54
55                <data
55-->[com.google.firebase:firebase-auth:21.0.1] AndroidManifest.xml:39:17-42:51
56                    android:host="firebase.auth"
56-->[com.google.firebase:firebase-auth:21.0.1] AndroidManifest.xml:40:21-49
57                    android:path="/"
57-->[com.google.firebase:firebase-auth:21.0.1] AndroidManifest.xml:41:21-37
58                    android:scheme="genericidp" />
58-->[com.google.firebase:firebase-auth:21.0.1] AndroidManifest.xml:42:21-48
59            </intent-filter>
60        </activity>
61        <activity
61-->[com.google.firebase:firebase-auth:21.0.1] AndroidManifest.xml:45:9-62:20
62            android:name="com.google.firebase.auth.internal.RecaptchaActivity"
62-->[com.google.firebase:firebase-auth:21.0.1] AndroidManifest.xml:46:13-79
63            android:excludeFromRecents="true"
63-->[com.google.firebase:firebase-auth:21.0.1] AndroidManifest.xml:47:13-46
64            android:exported="true"
64-->[com.google.firebase:firebase-auth:21.0.1] AndroidManifest.xml:48:13-36
65            android:launchMode="singleTask"
65-->[com.google.firebase:firebase-auth:21.0.1] AndroidManifest.xml:49:13-44
66            android:theme="@android:style/Theme.Translucent.NoTitleBar" >
66-->[com.google.firebase:firebase-auth:21.0.1] AndroidManifest.xml:50:13-72
67            <intent-filter>
67-->[com.google.firebase:firebase-auth:21.0.1] AndroidManifest.xml:51:13-61:29
68                <action android:name="android.intent.action.VIEW" />
68-->[com.google.firebase:firebase-auth:21.0.1] AndroidManifest.xml:34:17-69
68-->[com.google.firebase:firebase-auth:21.0.1] AndroidManifest.xml:34:25-66
69
70                <category android:name="android.intent.category.DEFAULT" />
70-->[com.google.firebase:firebase-auth:21.0.1] AndroidManifest.xml:36:17-76
70-->[com.google.firebase:firebase-auth:21.0.1] AndroidManifest.xml:36:27-73
71                <category android:name="android.intent.category.BROWSABLE" />
71-->[com.google.firebase:firebase-auth:21.0.1] AndroidManifest.xml:37:17-78
71-->[com.google.firebase:firebase-auth:21.0.1] AndroidManifest.xml:37:27-75
72
73                <data
73-->[com.google.firebase:firebase-auth:21.0.1] AndroidManifest.xml:39:17-42:51
74                    android:host="firebase.auth"
74-->[com.google.firebase:firebase-auth:21.0.1] AndroidManifest.xml:40:21-49
75                    android:path="/"
75-->[com.google.firebase:firebase-auth:21.0.1] AndroidManifest.xml:41:21-37
76                    android:scheme="recaptcha" />
76-->[com.google.firebase:firebase-auth:21.0.1] AndroidManifest.xml:42:21-48
77            </intent-filter>
78        </activity>
79
80        <service
80-->[com.google.firebase:firebase-auth:21.0.1] AndroidManifest.xml:64:9-73:19
81            android:name="com.google.firebase.auth.api.fallback.service.FirebaseAuthFallbackService"
81-->[com.google.firebase:firebase-auth:21.0.1] AndroidManifest.xml:65:13-101
82            android:enabled="true"
82-->[com.google.firebase:firebase-auth:21.0.1] AndroidManifest.xml:66:13-35
83            android:exported="false" >
83-->[com.google.firebase:firebase-auth:21.0.1] AndroidManifest.xml:67:13-37
84            <intent-filter>
84-->[com.google.firebase:firebase-auth:21.0.1] AndroidManifest.xml:68:13-72:29
85                <action android:name="com.google.firebase.auth.api.gms.service.START" />
85-->[com.google.firebase:firebase-auth:21.0.1] AndroidManifest.xml:69:17-89
85-->[com.google.firebase:firebase-auth:21.0.1] AndroidManifest.xml:69:25-86
86
87                <category android:name="android.intent.category.DEFAULT" />
87-->[com.google.firebase:firebase-auth:21.0.1] AndroidManifest.xml:36:17-76
87-->[com.google.firebase:firebase-auth:21.0.1] AndroidManifest.xml:36:27-73
88            </intent-filter>
89        </service>
90        <service
90-->[com.google.firebase:firebase-auth:21.0.1] AndroidManifest.xml:74:9-80:19
91            android:name="com.google.firebase.components.ComponentDiscoveryService"
91-->[com.google.firebase:firebase-auth:21.0.1] AndroidManifest.xml:75:13-84
92            android:directBootAware="true"
92-->[com.google.firebase:firebase-common:20.0.0] AndroidManifest.xml:35:13-43
93            android:exported="false" >
93-->[com.google.firebase:firebase-auth:21.0.1] AndroidManifest.xml:76:13-37
94            <meta-data
94-->[com.google.firebase:firebase-auth:21.0.1] AndroidManifest.xml:77:13-79:85
95                android:name="com.google.firebase.components:com.google.firebase.auth.FirebaseAuthRegistrar"
95-->[com.google.firebase:firebase-auth:21.0.1] AndroidManifest.xml:78:17-109
96                android:value="com.google.firebase.components.ComponentRegistrar" />
96-->[com.google.firebase:firebase-auth:21.0.1] AndroidManifest.xml:79:17-82
97            <meta-data
97-->[com.google.firebase:firebase-firestore:24.0.1] AndroidManifest.xml:20:13-22:85
98                android:name="com.google.firebase.components:com.google.firebase.firestore.FirestoreRegistrar"
98-->[com.google.firebase:firebase-firestore:24.0.1] AndroidManifest.xml:21:17-111
99                android:value="com.google.firebase.components.ComponentRegistrar" />
99-->[com.google.firebase:firebase-firestore:24.0.1] AndroidManifest.xml:22:17-82
100            <meta-data
100-->[com.google.firebase:firebase-storage:20.0.0] AndroidManifest.xml:33:13-35:85
101                android:name="com.google.firebase.components:com.google.firebase.storage.StorageRegistrar"
101-->[com.google.firebase:firebase-storage:20.0.0] AndroidManifest.xml:34:17-107
102                android:value="com.google.firebase.components.ComponentRegistrar" />
102-->[com.google.firebase:firebase-storage:20.0.0] AndroidManifest.xml:35:17-82
103        </service>
104
105        <activity
105-->[com.google.android.gms:play-services-auth:20.0.1] AndroidManifest.xml:23:9-27:75
106            android:name="com.google.android.gms.auth.api.signin.internal.SignInHubActivity"
106-->[com.google.android.gms:play-services-auth:20.0.1] AndroidManifest.xml:24:13-93
107            android:excludeFromRecents="true"
107-->[com.google.android.gms:play-services-auth:20.0.1] AndroidManifest.xml:25:13-46
108            android:exported="false"
108-->[com.google.android.gms:play-services-auth:20.0.1] AndroidManifest.xml:26:13-37
109            android:theme="@android:style/Theme.Translucent.NoTitleBar" />
109-->[com.google.android.gms:play-services-auth:20.0.1] AndroidManifest.xml:27:13-72
110        <!--
111            Service handling Google Sign-In user revocation. For apps that do not integrate with
112            Google Sign-In, this service will never be started.
113        -->
114        <service
114-->[com.google.android.gms:play-services-auth:20.0.1] AndroidManifest.xml:33:9-37:51
115            android:name="com.google.android.gms.auth.api.signin.RevocationBoundService"
115-->[com.google.android.gms:play-services-auth:20.0.1] AndroidManifest.xml:34:13-89
116            android:exported="true"
116-->[com.google.android.gms:play-services-auth:20.0.1] AndroidManifest.xml:35:13-36
117            android:permission="com.google.android.gms.auth.api.signin.permission.REVOCATION_NOTIFICATION"
117-->[com.google.android.gms:play-services-auth:20.0.1] AndroidManifest.xml:36:13-107
118            android:visibleToInstantApps="true" />
118-->[com.google.android.gms:play-services-auth:20.0.1] AndroidManifest.xml:37:13-48
119
120        <activity
120-->[com.google.android.gms:play-services-base:18.0.1] AndroidManifest.xml:20:9-22:45
121            android:name="com.google.android.gms.common.api.GoogleApiActivity"
121-->[com.google.android.gms:play-services-base:18.0.1] AndroidManifest.xml:20:19-85
122            android:exported="false"
122-->[com.google.android.gms:play-services-base:18.0.1] AndroidManifest.xml:22:19-43
123            android:theme="@android:style/Theme.Translucent.NoTitleBar" />
123-->[com.google.android.gms:play-services-base:18.0.1] AndroidManifest.xml:21:19-78
124
125        <provider
125-->[com.google.firebase:firebase-common:20.0.0] AndroidManifest.xml:26:9-31:39
126            android:name="com.google.firebase.provider.FirebaseInitProvider"
126-->[com.google.firebase:firebase-common:20.0.0] AndroidManifest.xml:27:13-77
127            android:authorities="com.example.firebasetemplate.firebaseinitprovider"
127-->[com.google.firebase:firebase-common:20.0.0] AndroidManifest.xml:28:13-72
128            android:directBootAware="true"
128-->[com.google.firebase:firebase-common:20.0.0] AndroidManifest.xml:29:13-43
129            android:exported="false"
129-->[com.google.firebase:firebase-common:20.0.0] AndroidManifest.xml:30:13-37
130            android:initOrder="100" />
130-->[com.google.firebase:firebase-common:20.0.0] AndroidManifest.xml:31:13-36
131
132        <meta-data
132-->[com.google.android.gms:play-services-basement:18.0.0] AndroidManifest.xml:21:9-23:69
133            android:name="com.google.android.gms.version"
133-->[com.google.android.gms:play-services-basement:18.0.0] AndroidManifest.xml:22:13-58
134            android:value="@integer/google_play_services_version" />
134-->[com.google.android.gms:play-services-basement:18.0.0] AndroidManifest.xml:23:13-66
135
136        <provider
136-->[androidx.emoji2:emoji2:1.0.0] AndroidManifest.xml:26:9-34:20
137            android:name="androidx.startup.InitializationProvider"
137-->[androidx.emoji2:emoji2:1.0.0] AndroidManifest.xml:27:13-67
138            android:authorities="com.example.firebasetemplate.androidx-startup"
138-->[androidx.emoji2:emoji2:1.0.0] AndroidManifest.xml:28:13-68
139            android:exported="false" >
139-->[androidx.emoji2:emoji2:1.0.0] AndroidManifest.xml:29:13-37
140            <meta-data
140-->[androidx.emoji2:emoji2:1.0.0] AndroidManifest.xml:31:13-33:52
141                android:name="androidx.emoji2.text.EmojiCompatInitializer"
141-->[androidx.emoji2:emoji2:1.0.0] AndroidManifest.xml:32:17-75
142                android:value="androidx.startup" />
142-->[androidx.emoji2:emoji2:1.0.0] AndroidManifest.xml:33:17-49
143            <meta-data
143-->[androidx.lifecycle:lifecycle-process:2.4.0] AndroidManifest.xml:31:13-33:52
144                android:name="androidx.lifecycle.ProcessLifecycleInitializer"
144-->[androidx.lifecycle:lifecycle-process:2.4.0] AndroidManifest.xml:32:17-78
145                android:value="androidx.startup" />
145-->[androidx.lifecycle:lifecycle-process:2.4.0] AndroidManifest.xml:33:17-49
146        </provider>
147
148        <uses-library
148-->[androidx.window:window:1.0.0] AndroidManifest.xml:25:9-27:40
149            android:name="androidx.window.extensions"
149-->[androidx.window:window:1.0.0] AndroidManifest.xml:26:13-54
150            android:required="false" />
150-->[androidx.window:window:1.0.0] AndroidManifest.xml:27:13-37
151        <uses-library
151-->[androidx.window:window:1.0.0] AndroidManifest.xml:28:9-30:40
152            android:name="androidx.window.sidecar"
152-->[androidx.window:window:1.0.0] AndroidManifest.xml:29:13-51
153            android:required="false" />
153-->[androidx.window:window:1.0.0] AndroidManifest.xml:30:13-37
154    </application>
155
156</manifest>